OpenROAD 0.9.0 d03ebfc244
This program is licensed under the BSD-3 license. See the LICENSE file for details. 
Components of this program may be licensed under more restrictive licenses which must be honored.
Error: cannot open '/.openroad'.
Notice 0: Reading LEF file:  /openLANE_flow/designs/IBEX_SoC_S/runs/19-12_01-17/tmp/merged_unpadded.lef
Notice 0:     Created 13 technology layers
Notice 0:     Created 25 technology vias
Notice 0:     Created 438 library cells
Notice 0: Finished LEF file:  /openLANE_flow/designs/IBEX_SoC_S/runs/19-12_01-17/tmp/merged_unpadded.lef
Notice 0: 
Reading DEF file: /openLANE_flow/designs/IBEX_SoC_S/runs/19-12_01-17/tmp/routing/addspacers.def
Notice 0: Design: IBEX_SoC_S
Notice 0: 		Created 100000 Insts
Notice 0: 		Created 200000 Insts
Notice 0: 		Created 300000 Insts
Notice 0: 		Created 400000 Insts
Notice 0: 		Created 500000 Insts
Notice 0: 		Created 600000 Insts
Notice 0: 		Created 700000 Insts
Notice 0: 		Created 800000 Insts
Notice 0:     Created 47 pins.
Notice 0:     Created 856635 components and 3330974 component-terminals.
Notice 0:     Created 2 special nets and 0 connections.
Notice 0:     Created 49686 nets and 171030 connections.
Notice 0: Finished DEF file: /openLANE_flow/designs/IBEX_SoC_S/runs/19-12_01-17/tmp/routing/addspacers.def
