OpenROAD 0.9.0 d03ebfc244
This program is licensed under the BSD-3 license. See the LICENSE file for details. 
Components of this program may be licensed under more restrictive licenses which must be honored.
Error: cannot open '/.openroad'.
Notice 0: Reading LEF file:  /openLANE_flow/designs/IBEX_SoC_S/runs/19-12_01-17/tmp/merged_unpadded.lef
Notice 0:     Created 13 technology layers
Notice 0:     Created 25 technology vias
Notice 0:     Created 438 library cells
Notice 0: Finished LEF file:  /openLANE_flow/designs/IBEX_SoC_S/runs/19-12_01-17/tmp/merged_unpadded.lef
Notice 0: 
Reading DEF file: /openLANE_flow/designs/IBEX_SoC_S/runs/19-12_01-17/tmp/placement/replace.def
Notice 0: Design: IBEX_SoC_S
Notice 0: 		Created 100000 Insts
Notice 0:     Created 47 pins.
Notice 0:     Created 184471 components and 640168 component-terminals.
Notice 0:     Created 2 special nets and 0 connections.
Notice 0:     Created 48611 nets and 168880 connections.
Notice 0: Finished DEF file: /openLANE_flow/designs/IBEX_SoC_S/runs/19-12_01-17/tmp/placement/replace.def
Design Stats
--------------------------------
total instances        184471
multi row instances         0
fixed instances        135872
nets                    48613
design area          10173980.2 u^2
fixed area           176439.2 u^2
movable area         657330.4 u^2
utilization                 7 %
utilization padded         11 %
rows                     1286
row height                2.7 u

Placement Analysis
--------------------------------
total displacement   186147.5 u
average displacement      1.0 u
max displacement        104.9 u
original HPWL        3449921.6 u
legalized HPWL       3590360.2 u
delta HPWL                  4 %

