Startpoint: HRESETn (input port clocked by HCLK)
Endpoint: _64725_ (recovery check against rising-edge clock HCLK')
Path Group: **async_default**
Path Type: max

  Delay    Time   Description
---------------------------------------------------------
   0.00    0.00   clock HCLK (rise edge)
   0.00    0.00   clock network delay (ideal)
   5.00    5.00 ^ input external delay
   7.32   12.32 ^ HRESETn (in)
   0.00   12.32 ^ _64725_/RESET_B (sky130_fd_sc_hd__dfrtp_4)
          12.32   data arrival time

  12.50   12.50   clock HCLK' (rise edge)
   0.00   12.50   clock network delay (ideal)
   0.00   12.50   clock reconvergence pessimism
          12.50 ^ _64725_/CLK (sky130_fd_sc_hd__dfrtp_4)
  -6.22    6.28   library recovery time
           6.28   data required time
---------------------------------------------------------
           6.28   data required time
         -12.32   data arrival time
---------------------------------------------------------
          -6.04   slack (VIOLATED)


Startpoint: HCLK (clock source 'HCLK')
Endpoint: PAD_fsclk_Sys0_S0 (output port clocked by HCLK)
Path Group: HCLK
Path Type: max

  Delay    Time   Description
---------------------------------------------------------
  12.50   12.50   clock HCLK (fall edge)
  37.77   50.27   clock network delay
          50.27 v PAD_fsclk_Sys0_S0 (out)
          50.27   data arrival time

  25.00   25.00   clock HCLK (rise edge)
   0.00   25.00   clock network delay (ideal)
   0.00   25.00   clock reconvergence pessimism
  -5.00   20.00   output external delay
          20.00   data required time
---------------------------------------------------------
          20.00   data required time
         -50.27   data arrival time
---------------------------------------------------------
         -30.27   slack (VIOLATED)


