Startpoint: HRESETn (input port clocked by HCLK)
Endpoint: _64001_ (removal check against rising-edge clock HCLK)
Path Group: **async_default**
Path Type: min

  Delay    Time   Description
---------------------------------------------------------
   0.00    0.00   clock HCLK (rise edge)
   0.00    0.00   clock network delay (ideal)
   5.00    5.00 ^ input external delay
   3.02    8.02 ^ HRESETn (in)
   0.00    8.02 ^ _64001_/RESET_B (sky130_fd_sc_hd__dfrtp_4)
           8.02   data arrival time

   0.00    0.00   clock HCLK (rise edge)
   0.00    0.00   clock network delay (ideal)
   0.00    0.00   clock reconvergence pessimism
           0.00 ^ _64001_/CLK (sky130_fd_sc_hd__dfrtp_4)
   1.19    1.19   library removal time
           1.19   data required time
---------------------------------------------------------
           1.19   data required time
          -8.02   data arrival time
---------------------------------------------------------
           6.83   slack (MET)


Startpoint: _65070_ (rising edge-triggered flip-flop clocked by HCLK)
Endpoint: _64091_ (rising edge-triggered flip-flop clocked by HCLK)
Path Group: HCLK
Path Type: min

  Delay    Time   Description
---------------------------------------------------------
   0.00    0.00   clock HCLK (rise edge)
   0.00    0.00   clock network delay (ideal)
   0.00    0.00 ^ _65070_/CLK (sky130_fd_sc_hd__dfrtp_4)
   0.23    0.23 ^ _65070_/Q (sky130_fd_sc_hd__dfrtp_4)
   0.00    0.23 ^ _64091_/D (sky130_fd_sc_hd__dfrtp_4)
           0.23   data arrival time

   0.00    0.00   clock HCLK (rise edge)
   0.00    0.00   clock network delay (ideal)
   0.00    0.00   clock reconvergence pessimism
           0.00 ^ _64091_/CLK (sky130_fd_sc_hd__dfrtp_4)
  -0.02   -0.02   library hold time
          -0.02   data required time
---------------------------------------------------------
          -0.02   data required time
          -0.23   data arrival time
---------------------------------------------------------
           0.25   slack (MET)


Startpoint: HRESETn (input port clocked by HCLK)
Endpoint: _64002_ (recovery check against rising-edge clock HCLK')
Path Group: **async_default**
Path Type: max

  Delay    Time   Description
---------------------------------------------------------
   0.00    0.00   clock HCLK (rise edge)
   0.00    0.00   clock network delay (ideal)
   5.00    5.00 ^ input external delay
   5.74   10.74 ^ HRESETn (in)
   0.00   10.74 ^ _64002_/RESET_B (sky130_fd_sc_hd__dfrtp_4)
          10.74   data arrival time

  12.50   12.50   clock HCLK' (rise edge)
   0.00   12.50   clock network delay (ideal)
   0.00   12.50   clock reconvergence pessimism
          12.50 ^ _64002_/CLK (sky130_fd_sc_hd__dfrtp_4)
  -3.62    8.88   library recovery time
           8.88   data required time
---------------------------------------------------------
           8.88   data required time
         -10.74   data arrival time
---------------------------------------------------------
          -1.87   slack (VIOLATED)


Startpoint: HCLK (clock source 'HCLK')
Endpoint: PAD_fsclk_Sys0_S0 (output port clocked by HCLK)
Path Group: HCLK
Path Type: max

  Delay    Time   Description
---------------------------------------------------------
  12.50   12.50   clock HCLK (fall edge)
   9.28   21.78   clock network delay
          21.78 v PAD_fsclk_Sys0_S0 (out)
          21.78   data arrival time

  25.00   25.00   clock HCLK (rise edge)
   0.00   25.00   clock network delay (ideal)
   0.00   25.00   clock reconvergence pessimism
  -5.00   20.00   output external delay
          20.00   data required time
---------------------------------------------------------
          20.00   data required time
         -21.78   data arrival time
---------------------------------------------------------
          -1.78   slack (VIOLATED)


