
 /----------------------------------------------------------------------------\
 |                                                                            |
 |  yosys -- Yosys Open SYnthesis Suite                                       |
 |                                                                            |
 |  Copyright (C) 2012 - 2020  Claire Wolf <claire@symbioticeda.com>          |
 |                                                                            |
 |  Permission to use, copy, modify, and/or distribute this software for any  |
 |  purpose with or without fee is hereby granted, provided that the above    |
 |  copyright notice and this permission notice appear in all copies.         |
 |                                                                            |
 |  THE SOFTWARE IS PROVIDED "AS IS" AND THE AUTHOR DISCLAIMS ALL WARRANTIES  |
 |  WITH REGARD TO THIS SOFTWARE INCLUDING ALL IMPLIED WARRANTIES OF          |
 |  MERCHANTABILITY AND FITNESS. IN NO EVENT SHALL THE AUTHOR BE LIABLE FOR   |
 |  ANY SPECIAL, DIRECT, INDIRECT, OR CONSEQUENTIAL DAMAGES OR ANY DAMAGES    |
 |  WHATSOEVER RESULTING FROM LOSS OF USE, DATA OR PROFITS, WHETHER IN AN     |
 |  ACTION OF CONTRACT, NEGLIGENCE OR OTHER TORTIOUS ACTION, ARISING OUT OF   |
 |  OR IN CONNECTION WITH THE USE OR PERFORMANCE OF THIS SOFTWARE.            |
 |                                                                            |
 \----------------------------------------------------------------------------/

 Yosys 0.9+3621 (git sha1 84e9fa7, gcc 8.3.1 -fPIC -Os)

[TCL: yosys -import] Command name collision: found pre-existing command `cd' -> skip.
[TCL: yosys -import] Command name collision: found pre-existing command `eval' -> skip.
[TCL: yosys -import] Command name collision: found pre-existing command `exec' -> skip.
[TCL: yosys -import] Command name collision: found pre-existing command `read' -> skip.
[TCL: yosys -import] Command name collision: found pre-existing command `trace' -> skip.

1. Executing Liberty frontend.
Imported 428 cell types from liberty file.

2. Executing Verilog-2005 frontend: /openLANE_flow/designs/IBEX_SoC/src/spi_master.v
Parsing Verilog input from `/openLANE_flow/designs/IBEX_SoC/src/spi_master.v' to AST representation.
Generating RTLIL representation for module `\spi_master'.
Generating RTLIL representation for module `\sri'.
Generating RTLIL representation for module `\sro'.
Successfully finished Verilog frontend.

3. Executing Verilog-2005 frontend: /openLANE_flow/designs/IBEX_SoC/src/ibex_register_file_latch.v
Parsing Verilog input from `/openLANE_flow/designs/IBEX_SoC/src/ibex_register_file_latch.v' to AST representation.
Generating RTLIL representation for module `\ibex_register_file_latch'.
Warning: Replacing memory \mem with list of registers. See /openLANE_flow/designs/IBEX_SoC/src/ibex_register_file_latch.v:111, /openLANE_flow/designs/IBEX_SoC/src/ibex_register_file_latch.v:87
Successfully finished Verilog frontend.

4. Executing Verilog-2005 frontend: /openLANE_flow/designs/IBEX_SoC/src/PWM.v
Parsing Verilog input from `/openLANE_flow/designs/IBEX_SoC/src/PWM.v' to AST representation.
Generating RTLIL representation for module `\PWM32'.
Successfully finished Verilog frontend.

5. Executing Verilog-2005 frontend: /openLANE_flow/designs/IBEX_SoC/src/ibex_dummy_instr.v
Parsing Verilog input from `/openLANE_flow/designs/IBEX_SoC/src/ibex_dummy_instr.v' to AST representation.
Generating RTLIL representation for module `\ibex_dummy_instr'.
Successfully finished Verilog frontend.

6. Executing Verilog-2005 frontend: /openLANE_flow/designs/IBEX_SoC/src/AHBlite_GPIO.v
Parsing Verilog input from `/openLANE_flow/designs/IBEX_SoC/src/AHBlite_GPIO.v' to AST representation.
Generating RTLIL representation for module `\AHBlite_GPIO'.
/openLANE_flow/designs/IBEX_SoC/src/AHBlite_GPIO.v:63: Warning: Range [23:0] select out of bounds on signal `\HADDR': Setting 2 LSB bits to undef.
Successfully finished Verilog frontend.

7. Executing Verilog-2005 frontend: /openLANE_flow/designs/IBEX_SoC/src/SST26WF080B.v
Parsing Verilog input from `/openLANE_flow/designs/IBEX_SoC/src/SST26WF080B.v' to AST representation.
/openLANE_flow/designs/IBEX_SoC/src/SST26WF080B.v:522: ERROR: syntax error, unexpected TOK_REAL
