
41. Printing statistics.

=== ibex_core ===

   Number of wires:              21117
   Number of wire bits:          21351
   Number of public wires:        1979
   Number of public wire bits:    2213
   Number of memories:               0
   Number of memory bits:            0
   Number of processes:              0
   Number of cells:              21193
     $_DLATCH_N_                     1
     sky130_fd_sc_hd__a2111o_4       2
     sky130_fd_sc_hd__a2111oi_4     54
     sky130_fd_sc_hd__a211o_4      327
     sky130_fd_sc_hd__a21bo_4      271
     sky130_fd_sc_hd__a21boi_4      47
     sky130_fd_sc_hd__a21o_4       403
     sky130_fd_sc_hd__a21oi_4      130
     sky130_fd_sc_hd__a22oi_4       42
     sky130_fd_sc_hd__a2bb2o_4    1219
     sky130_fd_sc_hd__a2bb2oi_4     24
     sky130_fd_sc_hd__a32o_4       467
     sky130_fd_sc_hd__a32oi_4      261
     sky130_fd_sc_hd__and2_4       700
     sky130_fd_sc_hd__and3_4       880
     sky130_fd_sc_hd__and4_4        83
     sky130_fd_sc_hd__buf_1       3902
     sky130_fd_sc_hd__conb_1         6
     sky130_fd_sc_hd__dfrtp_4     1650
     sky130_fd_sc_hd__dfstp_4        8
     sky130_fd_sc_hd__dfxtp_4      273
     sky130_fd_sc_hd__inv_8       1940
     sky130_fd_sc_hd__nand2_4      218
     sky130_fd_sc_hd__nand3_4        7
     sky130_fd_sc_hd__nand4_4        2
     sky130_fd_sc_hd__nor2_4       304
     sky130_fd_sc_hd__nor3_4       103
     sky130_fd_sc_hd__nor4_4        35
     sky130_fd_sc_hd__o21a_4       832
     sky130_fd_sc_hd__o21ai_4     1021
     sky130_fd_sc_hd__o22a_4      1087
     sky130_fd_sc_hd__o32a_4         9
     sky130_fd_sc_hd__o32ai_4        5
     sky130_fd_sc_hd__o41a_4         2
     sky130_fd_sc_hd__or2_4       4238
     sky130_fd_sc_hd__or3_4        363
     sky130_fd_sc_hd__or4_4        273
     sky130_fd_sc_hd__xnor2_4        2
     sky130_fd_sc_hd__xor2_4         2

   Area for cell type $_DLATCH_N_ is unknown!

   Chip area for module '\ibex_core': 272836.672000

