OpenROAD 0.9.0 d03ebfc244
This program is licensed under the BSD-3 license. See the LICENSE file for details. 
Components of this program may be licensed under more restrictive licenses which must be honored.
Error: cannot open '/.openroad'.
Notice 0: Reading LEF file:  /openLANE_flow/designs/IBEX_SoC_S/runs/19-12_01-17/tmp/merged_unpadded.lef
Notice 0:     Created 13 technology layers
Notice 0:     Created 25 technology vias
Notice 0:     Created 438 library cells
Notice 0: Finished LEF file:  /openLANE_flow/designs/IBEX_SoC_S/runs/19-12_01-17/tmp/merged_unpadded.lef
Notice 0: 
Reading DEF file: /openLANE_flow/designs/IBEX_SoC_S/runs/19-12_01-17/results/floorplan/IBEX_SoC_S.floorplan.def
Notice 0: Design: IBEX_SoC_S
Notice 0: 		Created 100000 Insts
Notice 0:     Created 45 pins.
Notice 0:     Created 184471 components and 640168 component-terminals.
Notice 0:     Created 48611 nets and 168880 connections.
Notice 0: Finished DEF file: /openLANE_flow/designs/IBEX_SoC_S/runs/19-12_01-17/results/floorplan/IBEX_SoC_S.floorplan.def
[INFO] [PDNG-0016] Power Delivery Network Generator: Generating PDN
[INFO] [PDNG-0016]   config: /openLANE_flow/designs/IBEX_SoC_S/pdn.tcl
[INFO] [PDNG-0008] Design Name is IBEX_SoC_S
[INFO] [PDNG-0009] Reading technology data
[WARN] [PDNG-0018] No macro grid specifications found - no straps added
[INFO] [PDNG-0011] ****** INFO ******
Type: stdcell, grid
    Core Rings
      Layer: met4 -  width: 10.000  spacing: 5.000  core_offset: 20.000 
      Layer: met5 -  width: 10.000  spacing: 5.000  core_offset: 20.000 
    Straps
      Layer: met5 -  width: 1.600  pitch: 153.180  offset: 16.650 
    Connect: {met4 met5}
[INFO] [PDNG-0012] **** END INFO ****
[INFO] [PDNG-0013] Inserting stdcell grid - grid
[INFO] [PDNG-0015] Writing to database
