Startpoint: HRESETn (input port clocked by HCLK)
Endpoint: _64001_ (removal check against rising-edge clock HCLK)
Path Group: **async_default**
Path Type: min

  Delay    Time   Description
---------------------------------------------------------
   0.00    0.00   clock HCLK (rise edge)
   0.00    0.00   clock network delay (ideal)
   5.00    5.00 ^ input external delay
   3.02    8.02 ^ HRESETn (in)
   0.00    8.02 ^ _64001_/RESET_B (sky130_fd_sc_hd__dfrtp_4)
           8.02   data arrival time

   0.00    0.00   clock HCLK (rise edge)
   0.00    0.00   clock network delay (ideal)
   0.00    0.00   clock reconvergence pessimism
           0.00 ^ _64001_/CLK (sky130_fd_sc_hd__dfrtp_4)
   1.19    1.19   library removal time
           1.19   data required time
---------------------------------------------------------
           1.19   data required time
          -8.02   data arrival time
---------------------------------------------------------
           6.83   slack (MET)


Startpoint: _60742_ (rising edge-triggered flip-flop clocked by HCLK)
Endpoint: _60742_ (rising edge-triggered flip-flop clocked by HCLK)
Path Group: HCLK
Path Type: min

  Delay    Time   Description
---------------------------------------------------------
   0.00    0.00   clock HCLK (rise edge)
   0.00    0.00   clock network delay (ideal)
   0.00    0.00 ^ _60742_/CLK (sky130_fd_sc_hd__dfxtp_4)
   0.19    0.19 ^ _60742_/Q (sky130_fd_sc_hd__dfxtp_4)
   0.04    0.23 ^ _58596_/X (sky130_fd_sc_hd__buf_1)
   0.00    0.23 ^ _60742_/D (sky130_fd_sc_hd__dfxtp_4)
           0.23   data arrival time

   0.00    0.00   clock HCLK (rise edge)
   0.00    0.00   clock network delay (ideal)
   0.00    0.00   clock reconvergence pessimism
           0.00 ^ _60742_/CLK (sky130_fd_sc_hd__dfxtp_4)
  -0.02   -0.02   library hold time
          -0.02   data required time
---------------------------------------------------------
          -0.02   data required time
          -0.23   data arrival time
---------------------------------------------------------
           0.24   slack (MET)


Startpoint: HRESETn (input port clocked by HCLK)
Endpoint: _64002_ (recovery check against rising-edge clock HCLK')
Path Group: **async_default**
Path Type: max

  Delay    Time   Description
---------------------------------------------------------
   0.00    0.00   clock HCLK (rise edge)
   0.00    0.00   clock network delay (ideal)
   5.00    5.00 ^ input external delay
   5.74   10.74 ^ HRESETn (in)
   0.00   10.74 ^ _64002_/RESET_B (sky130_fd_sc_hd__dfrtp_4)
          10.74   data arrival time

  12.50   12.50   clock HCLK' (rise edge)
   0.00   12.50   clock network delay (ideal)
   0.00   12.50   clock reconvergence pessimism
          12.50 ^ _64002_/CLK (sky130_fd_sc_hd__dfrtp_4)
  -3.62    8.88   library recovery time
           8.88   data required time
---------------------------------------------------------
           8.88   data required time
         -10.74   data arrival time
---------------------------------------------------------
          -1.87   slack (VIOLATED)


Startpoint: _64435_ (rising edge-triggered flip-flop clocked by HCLK)
Endpoint: _62225_ (rising edge-triggered flip-flop clocked by HCLK)
Path Group: HCLK
Path Type: max

  Delay    Time   Description
---------------------------------------------------------
   0.00    0.00   clock HCLK (rise edge)
   0.00    0.00   clock network delay (ideal)
   0.00    0.00 ^ _64435_/CLK (sky130_fd_sc_hd__dfrtp_4)
   1.02    1.02 v _64435_/Q (sky130_fd_sc_hd__dfrtp_4)
   0.12    1.14 ^ _31228_/Y (sky130_fd_sc_hd__inv_8)
   0.23    1.37 ^ _31229_/X (sky130_fd_sc_hd__buf_1)
   0.67    2.04 ^ _31415_/X (sky130_fd_sc_hd__buf_1)
   0.60    2.64 ^ _31675_/X (sky130_fd_sc_hd__buf_1)
   0.37    3.01 ^ _31676_/X (sky130_fd_sc_hd__buf_1)
   0.24    3.25 ^ _31677_/X (sky130_fd_sc_hd__buf_1)
   0.64    3.89 ^ _31810_/X (sky130_fd_sc_hd__buf_1)
   0.84    4.73 ^ _31811_/X (sky130_fd_sc_hd__buf_1)
   0.76    5.49 ^ _31812_/X (sky130_fd_sc_hd__buf_1)
   0.83    6.32 ^ _31813_/X (sky130_fd_sc_hd__buf_1)
   0.76    7.08 ^ _31814_/X (sky130_fd_sc_hd__buf_1)
   0.91    7.99 ^ _31815_/X (sky130_fd_sc_hd__buf_1)
   0.31    8.30 v _32176_/Y (sky130_fd_sc_hd__nor3_4)
   0.28    8.57 ^ _32177_/Y (sky130_fd_sc_hd__nor3_4)
   0.11    8.68 v _32178_/Y (sky130_fd_sc_hd__nor3_4)
   0.73    9.41 v _32213_/X (sky130_fd_sc_hd__or3_4)
   0.30    9.71 v _32214_/X (sky130_fd_sc_hd__buf_1)
   0.14    9.86 ^ _34034_/Y (sky130_fd_sc_hd__inv_8)
   0.19   10.04 ^ _34702_/X (sky130_fd_sc_hd__or2_4)
   0.46   10.51 ^ _34703_/X (sky130_fd_sc_hd__buf_1)
   0.14   10.65 v _34704_/Y (sky130_fd_sc_hd__inv_8)
   0.42   11.07 v _34705_/X (sky130_fd_sc_hd__or2_4)
   0.40   11.47 v _34706_/X (sky130_fd_sc_hd__buf_1)
   1.21   12.68 v _36624_/X (sky130_fd_sc_hd__or4_4)
   0.44   13.13 v _37708_/X (sky130_fd_sc_hd__o21a_4)
   0.43   13.56 v _37930_/X (sky130_fd_sc_hd__or2_4)
   0.56   14.12 v _37932_/X (sky130_fd_sc_hd__a32o_4)
   0.44   14.56 v _37934_/X (sky130_fd_sc_hd__or2_4)
   0.60   15.15 v _37951_/X (sky130_fd_sc_hd__a32o_4)
   0.44   15.60 v _37952_/X (sky130_fd_sc_hd__or2_4)
   0.32   15.92 v _37953_/X (sky130_fd_sc_hd__and3_4)
   0.56   16.47 v _37954_/X (sky130_fd_sc_hd__a211o_4)
   0.49   16.96 v _42888_/X (sky130_fd_sc_hd__or2_4)
   0.85   17.81 v _42889_/X (sky130_fd_sc_hd__or4_4)
   0.45   18.26 v _42890_/X (sky130_fd_sc_hd__or2_4)
   0.43   18.69 v _42891_/X (sky130_fd_sc_hd__buf_1)
   0.18   18.87 ^ _42892_/Y (sky130_fd_sc_hd__inv_8)
   0.47   19.34 ^ _42893_/X (sky130_fd_sc_hd__buf_1)
   0.50   19.84 ^ _51118_/X (sky130_fd_sc_hd__o22a_4)
   0.29   20.13 ^ _52683_/X (sky130_fd_sc_hd__buf_1)
   0.54   20.67 ^ _54417_/X (sky130_fd_sc_hd__buf_1)
   0.88   21.55 ^ _54418_/X (sky130_fd_sc_hd__buf_1)
   0.28   21.83 v _54438_/Y (sky130_fd_sc_hd__nor3_4)
   0.77   22.59 v _54458_/X (sky130_fd_sc_hd__or3_4)
   0.39   22.98 ^ _54479_/Y (sky130_fd_sc_hd__a32oi_4)
   0.31   23.29 ^ _54483_/X (sky130_fd_sc_hd__o22a_4)
   0.00   23.29 ^ _62225_/D (sky130_fd_sc_hd__dfxtp_4)
          23.29   data arrival time

  25.00   25.00   clock HCLK (rise edge)
   0.00   25.00   clock network delay (ideal)
   0.00   25.00   clock reconvergence pessimism
          25.00 ^ _62225_/CLK (sky130_fd_sc_hd__dfxtp_4)
  -0.15   24.85   library setup time
          24.85   data required time
---------------------------------------------------------
          24.85   data required time
         -23.29   data arrival time
---------------------------------------------------------
           1.57   slack (MET)


