Startpoint: HRESETn (input port clocked by HCLK)
Endpoint: _85374_ (removal check against rising-edge clock HCLK)
Path Group: **async_default**
Path Type: min

  Delay    Time   Description
---------------------------------------------------------
   0.00    0.00   clock HCLK (rise edge)
   0.00    0.00   clock network delay (ideal)
   2.00    2.00 ^ input external delay
   6.65    8.65 ^ HRESETn (in)
   0.00    8.65 ^ _85374_/RESET_B (sky130_fd_sc_hd__dfrtp_4)
           8.65   data arrival time

   0.00    0.00   clock HCLK (rise edge)
   0.00    0.00   clock network delay (ideal)
   0.00    0.00   clock reconvergence pessimism
           0.00 ^ _85374_/CLK (sky130_fd_sc_hd__dfrtp_4)
   2.38    2.38   library removal time
           2.38   data required time
---------------------------------------------------------
           2.38   data required time
          -8.65   data arrival time
---------------------------------------------------------
           6.28   slack (MET)


Startpoint: _88907_ (rising edge-triggered flip-flop clocked by HCLK)
Endpoint: _88908_ (rising edge-triggered flip-flop clocked by HCLK)
Path Group: HCLK
Path Type: min

  Delay    Time   Description
---------------------------------------------------------
   0.00    0.00   clock HCLK (rise edge)
   0.00    0.00   clock network delay (ideal)
   0.00    0.00 ^ _88907_/CLK (sky130_fd_sc_hd__dfrtp_4)
   0.23    0.23 ^ _88907_/Q (sky130_fd_sc_hd__dfrtp_4)
   0.00    0.23 ^ _88908_/D (sky130_fd_sc_hd__dfrtp_4)
           0.23   data arrival time

   0.00    0.00   clock HCLK (rise edge)
   0.00    0.00   clock network delay (ideal)
   0.00    0.00   clock reconvergence pessimism
           0.00 ^ _88908_/CLK (sky130_fd_sc_hd__dfrtp_4)
  -0.02   -0.02   library hold time
          -0.02   data required time
---------------------------------------------------------
          -0.02   data required time
          -0.23   data arrival time
---------------------------------------------------------
           0.25   slack (MET)


Startpoint: HRESETn (input port clocked by HCLK)
Endpoint: _88845_ (recovery check against rising-edge clock HCLK')
Path Group: **async_default**
Path Type: max

  Delay    Time   Description
---------------------------------------------------------
   0.00    0.00   clock HCLK (rise edge)
   0.00    0.00   clock network delay (ideal)
   2.00    2.00 ^ input external delay
  12.64   14.64 ^ HRESETn (in)
   0.00   14.64 ^ _88845_/RESET_B (sky130_fd_sc_hd__dfrtp_4)
          14.64   data arrival time

   5.00    5.00   clock HCLK' (rise edge)
   0.00    5.00   clock network delay (ideal)
   0.00    5.00   clock reconvergence pessimism
           5.00 ^ _88845_/CLK (sky130_fd_sc_hd__dfrtp_4)
  -8.66   -3.66   library recovery time
          -3.66   data required time
---------------------------------------------------------
          -3.66   data required time
         -14.64   data arrival time
---------------------------------------------------------
         -18.31   slack (VIOLATED)


Startpoint: _88548_ (rising edge-triggered flip-flop clocked by HCLK)
Endpoint: _90777_ (rising edge-triggered flip-flop clocked by HCLK)
Path Group: HCLK
Path Type: max

  Delay    Time   Description
---------------------------------------------------------
   0.00    0.00   clock HCLK (rise edge)
   0.00    0.00   clock network delay (ideal)
   0.00    0.00 ^ _88548_/CLK (sky130_fd_sc_hd__dfxtp_4)
   0.68    0.68 ^ _88548_/Q (sky130_fd_sc_hd__dfxtp_4)
   0.26    0.94 ^ _43093_/X (sky130_fd_sc_hd__buf_2)
   0.28    1.22 ^ _43094_/X (sky130_fd_sc_hd__buf_2)
   0.36    1.59 ^ _43095_/X (sky130_fd_sc_hd__buf_2)
   0.31    1.90 ^ _43096_/X (sky130_fd_sc_hd__buf_2)
   0.35    2.25 ^ _43646_/X (sky130_fd_sc_hd__buf_2)
   0.49    2.73 ^ _43647_/X (sky130_fd_sc_hd__buf_2)
   0.15    2.88 v _43648_/Y (sky130_fd_sc_hd__nor2_4)
   0.48    3.36 v _43649_/X (sky130_fd_sc_hd__a211o_4)
   0.56    3.92 v _43674_/X (sky130_fd_sc_hd__a211o_4)
   0.42    4.34 v _43708_/X (sky130_fd_sc_hd__a21o_4)
   0.39    4.73 v _57028_/X (sky130_fd_sc_hd__a21o_4)
   0.35    5.08 v _57029_/X (sky130_fd_sc_hd__buf_2)
   0.40    5.48 v _57030_/X (sky130_fd_sc_hd__buf_2)
   0.22    5.70 ^ _59381_/Y (sky130_fd_sc_hd__nand4_4)
   0.28    5.98 ^ _59402_/Y (sky130_fd_sc_hd__xnor2_4)
   0.24    6.23 v _59409_/Y (sky130_fd_sc_hd__xnor2_4)
   0.68    6.90 v _59410_/X (sky130_fd_sc_hd__a2111o_4)
   0.26    7.17 v _59411_/X (sky130_fd_sc_hd__o21a_4)
   0.42    7.59 v _59412_/X (sky130_fd_sc_hd__or2_4)
   0.31    7.90 v _59413_/X (sky130_fd_sc_hd__buf_2)
   0.71    8.61 v _59422_/X (sky130_fd_sc_hd__or3_4)
   0.33    8.94 v _59423_/X (sky130_fd_sc_hd__buf_2)
   0.47    9.42 ^ _59435_/Y (sky130_fd_sc_hd__o21ai_4)
   0.19    9.60 v _59440_/Y (sky130_fd_sc_hd__nand2_4)
   0.38    9.98 ^ _59443_/Y (sky130_fd_sc_hd__a21oi_4)
   0.16   10.15 v _59444_/Y (sky130_fd_sc_hd__nand2_4)
   0.25   10.40 v _59445_/X (sky130_fd_sc_hd__o21a_4)
   0.46   10.86 v _59446_/X (sky130_fd_sc_hd__or2_4)
   0.17   11.03 ^ _59447_/Y (sky130_fd_sc_hd__o21ai_4)
   0.17   11.20 v _59449_/Y (sky130_fd_sc_hd__nand2_4)
   0.16   11.35 ^ _59450_/Y (sky130_fd_sc_hd__o21ai_4)
   0.39   11.75 ^ _59456_/X (sky130_fd_sc_hd__a21bo_4)
   0.10   11.85 v _59458_/Y (sky130_fd_sc_hd__nand2_4)
   0.25   12.09 v _59459_/X (sky130_fd_sc_hd__o21a_4)
   0.46   12.55 v _59460_/X (sky130_fd_sc_hd__or2_4)
   0.15   12.70 ^ _59461_/Y (sky130_fd_sc_hd__o21ai_4)
   0.38   13.08 ^ _59472_/X (sky130_fd_sc_hd__a21bo_4)
   0.33   13.41 ^ _59478_/X (sky130_fd_sc_hd__a21bo_4)
   0.10   13.51 v _59480_/Y (sky130_fd_sc_hd__nand2_4)
   0.25   13.76 v _59481_/X (sky130_fd_sc_hd__o21a_4)
   0.14   13.90 ^ _59482_/Y (sky130_fd_sc_hd__nor2_4)
   0.26   14.15 ^ _59483_/X (sky130_fd_sc_hd__a21o_4)
   0.24   14.40 v _59499_/Y (sky130_fd_sc_hd__nand3_4)
   0.56   14.96 ^ _59505_/Y (sky130_fd_sc_hd__a2111oi_4)
   0.42   15.38 ^ _59506_/X (sky130_fd_sc_hd__a2111o_4)
   0.45   15.83 ^ _59510_/X (sky130_fd_sc_hd__and3_4)
   0.11   15.93 v _59511_/Y (sky130_fd_sc_hd__a2111oi_4)
   0.71   16.65 v _59512_/X (sky130_fd_sc_hd__or3_4)
   0.18   16.83 ^ _59515_/Y (sky130_fd_sc_hd__nand2_4)
   0.18   17.01 v _59522_/Y (sky130_fd_sc_hd__a21oi_4)
   0.48   17.49 v _59523_/X (sky130_fd_sc_hd__or2_4)
   0.12   17.61 ^ _59529_/Y (sky130_fd_sc_hd__nand3_4)
   0.12   17.74 v _59547_/Y (sky130_fd_sc_hd__a21oi_4)
   0.19   17.92 ^ _59548_/Y (sky130_fd_sc_hd__nor3_4)
   0.44   18.36 v _59743_/X (sky130_fd_sc_hd__a2bb2o_4)
   0.25   18.61 v _59744_/X (sky130_fd_sc_hd__buf_2)
   0.26   18.88 v _59745_/X (sky130_fd_sc_hd__buf_2)
   0.25   19.13 v _59747_/X (sky130_fd_sc_hd__and2_4)
   0.31   19.44 v _59748_/X (sky130_fd_sc_hd__a21o_4)
   0.00   19.44 v _90777_/D (sky130_fd_sc_hd__dfrtp_4)
          19.44   data arrival time

  10.00   10.00   clock HCLK (rise edge)
   0.00   10.00   clock network delay (ideal)
   0.00   10.00   clock reconvergence pessimism
          10.00 ^ _90777_/CLK (sky130_fd_sc_hd__dfrtp_4)
  -0.28    9.72   library setup time
           9.72   data required time
---------------------------------------------------------
           9.72   data required time
         -19.44   data arrival time
---------------------------------------------------------
          -9.72   slack (VIOLATED)


