Startpoint: HRESETn (input port clocked by HCLK)
Endpoint: _85374_ (removal check against rising-edge clock HCLK)
Path Group: **async_default**
Path Type: min

  Delay    Time   Description
---------------------------------------------------------
   0.00    0.00   clock HCLK (rise edge)
   0.00    0.00   clock network delay (ideal)
   2.00    2.00 ^ input external delay
   6.65    8.65 ^ HRESETn (in)
   0.00    8.65 ^ _85374_/RESET_B (sky130_fd_sc_hd__dfrtp_4)
           8.65   data arrival time

   0.00    0.00   clock HCLK (rise edge)
   0.00    0.00   clock network delay (ideal)
   0.00    0.00   clock reconvergence pessimism
           0.00 ^ _85374_/CLK (sky130_fd_sc_hd__dfrtp_4)
   2.38    2.38   library removal time
           2.38   data required time
---------------------------------------------------------
           2.38   data required time
          -8.65   data arrival time
---------------------------------------------------------
           6.28   slack (MET)


Startpoint: _88907_ (rising edge-triggered flip-flop clocked by HCLK)
Endpoint: _88908_ (rising edge-triggered flip-flop clocked by HCLK)
Path Group: HCLK
Path Type: min

  Delay    Time   Description
---------------------------------------------------------
   0.00    0.00   clock HCLK (rise edge)
   0.00    0.00   clock network delay (ideal)
   0.00    0.00 ^ _88907_/CLK (sky130_fd_sc_hd__dfrtp_4)
   0.23    0.23 ^ _88907_/Q (sky130_fd_sc_hd__dfrtp_4)
   0.00    0.23 ^ _88908_/D (sky130_fd_sc_hd__dfrtp_4)
           0.23   data arrival time

   0.00    0.00   clock HCLK (rise edge)
   0.00    0.00   clock network delay (ideal)
   0.00    0.00   clock reconvergence pessimism
           0.00 ^ _88908_/CLK (sky130_fd_sc_hd__dfrtp_4)
  -0.02   -0.02   library hold time
          -0.02   data required time
---------------------------------------------------------
          -0.02   data required time
          -0.23   data arrival time
---------------------------------------------------------
           0.25   slack (MET)


Startpoint: HRESETn (input port clocked by HCLK)
Endpoint: _88845_ (recovery check against rising-edge clock HCLK')
Path Group: **async_default**
Path Type: max

  Delay    Time   Description
---------------------------------------------------------
   0.00    0.00   clock HCLK (rise edge)
   0.00    0.00   clock network delay (ideal)
   2.00    2.00 ^ input external delay
  12.64   14.64 ^ HRESETn (in)
   0.00   14.64 ^ _88845_/RESET_B (sky130_fd_sc_hd__dfrtp_4)
          14.64   data arrival time

   5.00    5.00   clock HCLK' (rise edge)
   0.00    5.00   clock network delay (ideal)
   0.00    5.00   clock reconvergence pessimism
           5.00 ^ _88845_/CLK (sky130_fd_sc_hd__dfrtp_4)
  -8.66   -3.66   library recovery time
          -3.66   data required time
---------------------------------------------------------
          -3.66   data required time
         -14.64   data arrival time
---------------------------------------------------------
         -18.31   slack (VIOLATED)


Startpoint: _88548_ (rising edge-triggered flip-flop clocked by HCLK)
Endpoint: _88669_ (rising edge-triggered flip-flop clocked by HCLK)
Path Group: HCLK
Path Type: max

  Delay    Time   Description
---------------------------------------------------------
   0.00    0.00   clock HCLK (rise edge)
   0.00    0.00   clock network delay (ideal)
   0.00    0.00 ^ _88548_/CLK (sky130_fd_sc_hd__dfxtp_4)
   0.73    0.73 ^ _88548_/Q (sky130_fd_sc_hd__dfxtp_4)
   0.37    1.10 ^ _43093_/X (sky130_fd_sc_hd__buf_2)
   0.39    1.49 ^ _43094_/X (sky130_fd_sc_hd__buf_2)
   0.51    2.00 ^ _43095_/X (sky130_fd_sc_hd__buf_2)
   0.44    2.44 ^ _43096_/X (sky130_fd_sc_hd__buf_2)
   0.50    2.94 ^ _43097_/X (sky130_fd_sc_hd__buf_2)
   0.69    3.63 ^ _43098_/X (sky130_fd_sc_hd__buf_2)
   0.43    4.06 ^ _43099_/X (sky130_fd_sc_hd__buf_2)
   0.40    4.46 ^ _43100_/X (sky130_fd_sc_hd__buf_2)
   0.44    4.89 ^ _43101_/X (sky130_fd_sc_hd__buf_2)
   0.42    5.31 ^ _43102_/X (sky130_fd_sc_hd__buf_2)
   0.43    5.75 ^ _43103_/X (sky130_fd_sc_hd__buf_2)
   0.44    6.19 ^ _43104_/X (sky130_fd_sc_hd__buf_2)
   0.39    6.58 ^ _43105_/X (sky130_fd_sc_hd__buf_2)
   0.44    7.03 ^ _43106_/X (sky130_fd_sc_hd__buf_2)
   0.35    7.38 ^ _44971_/X (sky130_fd_sc_hd__a211o_4)
   0.13    7.51 v _44978_/Y (sky130_fd_sc_hd__nand3_4)
   0.12    7.62 ^ _45002_/Y (sky130_fd_sc_hd__nand3_4)
   0.36    7.98 ^ _45003_/X (sky130_fd_sc_hd__a21o_4)
   0.28    8.27 v _45039_/Y (sky130_fd_sc_hd__nand2_4)
   0.51    8.78 v _45040_/X (sky130_fd_sc_hd__buf_2)
   0.78    9.56 ^ _45042_/Y (sky130_fd_sc_hd__a21boi_4)
   0.32    9.88 v _45045_/Y (sky130_fd_sc_hd__o21ai_4)
   0.43   10.31 ^ _45050_/Y (sky130_fd_sc_hd__o21ai_4)
   0.52   10.83 ^ _45051_/X (sky130_fd_sc_hd__xor2_4)
   0.58   11.41 ^ _45535_/X (sky130_fd_sc_hd__and4_4)
   0.08   11.49 v _45536_/Y (sky130_fd_sc_hd__inv_2)
   0.55   12.04 v _46141_/X (sky130_fd_sc_hd__a211o_4)
   0.27   12.32 ^ _46155_/Y (sky130_fd_sc_hd__nand4_4)
   0.23   12.54 v _48000_/Y (sky130_fd_sc_hd__nand3_4)
   0.27   12.82 v _48005_/X (sky130_fd_sc_hd__and2_4)
   0.33   13.15 v _48006_/X (sky130_fd_sc_hd__buf_2)
   0.38   13.53 ^ _48495_/Y (sky130_fd_sc_hd__o21ai_4)
   0.40   13.93 ^ _48525_/X (sky130_fd_sc_hd__and2_4)
   0.10   14.03 v _48526_/Y (sky130_fd_sc_hd__o21ai_4)
   0.24   14.27 v _48528_/X (sky130_fd_sc_hd__and2_4)
   0.47   14.74 v _48529_/X (sky130_fd_sc_hd__buf_2)
   0.92   15.66 ^ _56050_/Y (sky130_fd_sc_hd__nor4_4)
   0.69   16.35 ^ _56071_/X (sky130_fd_sc_hd__a41o_4)
   0.19   16.54 v _56072_/Y (sky130_fd_sc_hd__nand2_4)
   0.22   16.77 ^ _56073_/Y (sky130_fd_sc_hd__nand2_4)
   0.08   16.85 v _56130_/Y (sky130_fd_sc_hd__nor2_4)
   0.42   17.27 v _56134_/X (sky130_fd_sc_hd__o21a_4)
   1.02   18.29 ^ _56135_/Y (sky130_fd_sc_hd__nor4_4)
   0.40   18.69 v _56150_/Y (sky130_fd_sc_hd__nand3_4)
   0.20   18.89 ^ _56349_/Y (sky130_fd_sc_hd__nand2_4)
   0.21   19.10 v _56350_/Y (sky130_fd_sc_hd__a21oi_4)
   0.33   19.44 ^ _70132_/Y (sky130_fd_sc_hd__o21ai_4)
   0.35   19.78 ^ _70134_/X (sky130_fd_sc_hd__a21o_4)
   0.11   19.89 v _70138_/Y (sky130_fd_sc_hd__nor2_4)
   0.43   20.33 v _70143_/X (sky130_fd_sc_hd__o21a_4)
   0.29   20.61 v _70144_/X (sky130_fd_sc_hd__and2_4)
   0.29   20.90 v _70145_/X (sky130_fd_sc_hd__buf_2)
   0.38   21.28 v _72754_/X (sky130_fd_sc_hd__and4_4)
   0.80   22.07 v _72926_/X (sky130_fd_sc_hd__o41a_4)
   0.16   22.23 ^ _72927_/Y (sky130_fd_sc_hd__inv_2)
   0.27   22.50 ^ _72945_/X (sky130_fd_sc_hd__buf_2)
   0.42   22.92 ^ _72946_/X (sky130_fd_sc_hd__buf_2)
   0.17   23.09 v _72952_/Y (sky130_fd_sc_hd__nand2_4)
   0.21   23.30 v _72953_/X (sky130_fd_sc_hd__o21a_4)
   0.00   23.30 v _88669_/D (sky130_fd_sc_hd__dfxtp_4)
          23.30   data arrival time

  10.00   10.00   clock HCLK (rise edge)
   0.00   10.00   clock network delay (ideal)
   0.00   10.00   clock reconvergence pessimism
          10.00 ^ _88669_/CLK (sky130_fd_sc_hd__dfxtp_4)
  -0.28    9.72   library setup time
           9.72   data required time
---------------------------------------------------------
           9.72   data required time
         -23.30   data arrival time
---------------------------------------------------------
         -13.58   slack (VIOLATED)


